<?xml version="1.0" encoding="UTF-8"?>
<testsuites name="Mocha Tests" time="21.148" tests="4" failures="0">
  <testsuite name="Root Suite" timestamp="2025-11-18T11:00:31" tests="0" file="cypress/e2e/mytest/login.cy.js" time="0.000" failures="0">
  </testsuite>
  <testsuite name="fonctionnalité d&apos;authentification" timestamp="2025-11-18T11:00:31" tests="4" time="21.145" failures="0">
    <testcase name="fonctionnalité d&apos;authentification login with invalid saisir  loginpage" time="5.418" classname="login with invalid saisir  loginpage">
    </testcase>
    <testcase name="fonctionnalité d&apos;authentification login with valid credentials" time="3.182" classname="login with valid credentials">
    </testcase>
    <testcase name="fonctionnalité d&apos;authentification login with invalid credentials" time="1.155" classname="login with invalid credentials">
    </testcase>
    <testcase name="fonctionnalité d&apos;authentification Test login avec toutes les données" time="4.594" classname="Test login avec toutes les données">
    </testcase>
  </testsuite>
</testsuites>